Flow report for hw4
Tue Mar 05 04:23:03 2013
Quartus II Version 9.1 Build 350 03/24/2010 Service Pack 2 SJ Web Edition


---------------------
; Table of Contents ;
---------------------
  1. Legal Notice
  2. Flow Summary
  3. Flow Settings
  4. Flow Non-Default Global Settings
  5. Flow Elapsed Time
  6. Flow OS Summary
  7. Flow Log



----------------
; Legal Notice ;
----------------
Copyright (C) 1991-2010 Altera Corporation
Your use of Altera Corporation's design tools, logic functions 
and other software and tools, and its AMPP partner logic 
functions, and any output files from any of the foregoing 
(including device programming or simulation files), and any 
associated documentation or information are expressly subject 
to the terms and conditions of the Altera Program License 
Subscription Agreement, Altera MegaCore Function License 
Agreement, or other applicable license agreement, including, 
without limitation, that your use is for the sole purpose of 
programming logic devices manufactured by Altera and sold by 
Altera or its authorized distributors.  Please refer to the 
applicable agreement for further details.



+------------------------------------------------------------------------------+
; Flow Summary                                                                 ;
+-------------------------------+----------------------------------------------+
; Flow Status                   ; Successful - Tue Mar 05 04:23:03 2013        ;
; Quartus II Version            ; 9.1 Build 350 03/24/2010 SP 2 SJ Web Edition ;
; Revision Name                 ; hw4                                          ;
; Top-level Entity Name         ; multdiv                                      ;
; Family                        ; Stratix II                                   ;
; Met timing requirements       ; No                                           ;
; Logic utilization             ; 5 %                                          ;
;     Combinational ALUTs       ; 502 / 12,480 ( 4 % )                         ;
;     Dedicated logic registers ; 115 / 12,480 ( < 1 % )                       ;
; Total registers               ; 115                                          ;
; Total pins                    ; 70 / 343 ( 20 % )                            ;
; Total virtual pins            ; 0                                            ;
; Total block memory bits       ; 0 / 419,328 ( 0 % )                          ;
; DSP block 9-bit elements      ; 0 / 96 ( 0 % )                               ;
; Total PLLs                    ; 0 / 6 ( 0 % )                                ;
; Total DLLs                    ; 0 / 2 ( 0 % )                                ;
; Device                        ; EP2S15F484C3                                 ;
; Timing Models                 ; Final                                        ;
+-------------------------------+----------------------------------------------+


+-----------------------------------------+
; Flow Settings                           ;
+-------------------+---------------------+
; Option            ; Setting             ;
+-------------------+---------------------+
; Start date & time ; 03/05/2013 04:22:48 ;
; Main task         ; Compilation         ;
; Revision Name     ; hw4                 ;
+-------------------+---------------------+


+---------------------------------------------------------------------------------------------------------------------+
; Flow Non-Default Global Settings                                                                                    ;
+------------------------------------+---------------------------------+---------------+-------------+----------------+
; Assignment Name                    ; Value                           ; Default Value ; Entity Name ; Section Id     ;
+------------------------------------+---------------------------------+---------------+-------------+----------------+
; COMPILER_SIGNATURE_ID              ; 247356951034372.136242856804948 ; --            ; --          ; --             ;
; PARTITION_COLOR                    ; 16764057                        ; --            ; multdiv     ; Top            ;
; PARTITION_NETLIST_TYPE             ; SOURCE                          ; --            ; multdiv     ; Top            ;
; TOP_LEVEL_ENTITY                   ; multdiv                         ; hw4           ; --          ; --             ;
; USE_GENERATED_PHYSICAL_CONSTRAINTS ; Off                             ; --            ; --          ; eda_blast_fpga ;
+------------------------------------+---------------------------------+---------------+-------------+----------------+


+-----------------------------------------------------------------------------------------------------------------------------+
; Flow Elapsed Time                                                                                                           ;
+-------------------------+--------------+-------------------------+---------------------+------------------------------------+
; Module Name             ; Elapsed Time ; Average Processors Used ; Peak Virtual Memory ; Total CPU Time (on all processors) ;
+-------------------------+--------------+-------------------------+---------------------+------------------------------------+
; Analysis & Synthesis    ; 00:00:04     ; 1.0                     ; 220 MB              ; 00:00:06                           ;
; Fitter                  ; 00:00:05     ; 1.0                     ; 231 MB              ; 00:00:05                           ;
; Assembler               ; 00:00:02     ; 1.0                     ; 208 MB              ; 00:00:02                           ;
; Classic Timing Analyzer ; 00:00:00     ; 1.0                     ; 143 MB              ; 00:00:01                           ;
; Total                   ; 00:00:11     ; --                      ; --                  ; 00:00:14                           ;
+-------------------------+--------------+-------------------------+---------------------+------------------------------------+


+------------------------------------------------------------------------------------------+
; Flow OS Summary                                                                          ;
+-------------------------+------------------+---------------+------------+----------------+
; Module Name             ; Machine Hostname ; OS Name       ; OS Version ; Processor type ;
+-------------------------+------------------+---------------+------------+----------------+
; Analysis & Synthesis    ; mac-PC           ; Windows Vista ; 6.1        ; i686           ;
; Fitter                  ; mac-PC           ; Windows Vista ; 6.1        ; i686           ;
; Assembler               ; mac-PC           ; Windows Vista ; 6.1        ; i686           ;
; Classic Timing Analyzer ; mac-PC           ; Windows Vista ; 6.1        ; i686           ;
+-------------------------+------------------+---------------+------------+----------------+


------------
; Flow Log ;
------------
quartus_map --read_settings_files=on --write_settings_files=off hw4 -c hw4
quartus_fit --read_settings_files=off --write_settings_files=off hw4 -c hw4
quartus_asm --read_settings_files=off --write_settings_files=off hw4 -c hw4
quartus_tan --read_settings_files=off --write_settings_files=off hw4 -c hw4 --timing_analysis_only



