Flow report for skeleton
Sat Apr 27 04:09:39 2013
Quartus II Version 9.1 Build 350 03/24/2010 Service Pack 2 SJ Web Edition


---------------------
; Table of Contents ;
---------------------
  1. Legal Notice
  2. Flow Summary
  3. Flow Settings
  4. Flow Non-Default Global Settings
  5. Flow Elapsed Time
  6. Flow OS Summary
  7. Flow Log



----------------
; Legal Notice ;
----------------
Copyright (C) 1991-2010 Altera Corporation
Your use of Altera Corporation's design tools, logic functions 
and other software and tools, and its AMPP partner logic 
functions, and any output files from any of the foregoing 
(including device programming or simulation files), and any 
associated documentation or information are expressly subject 
to the terms and conditions of the Altera Program License 
Subscription Agreement, Altera MegaCore Function License 
Agreement, or other applicable license agreement, including, 
without limitation, that your use is for the sole purpose of 
programming logic devices manufactured by Altera and sold by 
Altera or its authorized distributors.  Please refer to the 
applicable agreement for further details.



+-----------------------------------------------------------------------------------+
; Flow Summary                                                                      ;
+------------------------------------+----------------------------------------------+
; Flow Status                        ; Successful - Sat Apr 27 04:09:39 2013        ;
; Quartus II Version                 ; 9.1 Build 350 03/24/2010 SP 2 SJ Web Edition ;
; Revision Name                      ; skeleton                                     ;
; Top-level Entity Name              ; processor                                    ;
; Family                             ; Cyclone II                                   ;
; Device                             ; EP2C35F672C7                                 ;
; Timing Models                      ; Final                                        ;
; Met timing requirements            ; No                                           ;
; Total logic elements               ; 4,225 / 33,216 ( 13 % )                      ;
;     Total combinational functions  ; 3,765 / 33,216 ( 11 % )                      ;
;     Dedicated logic registers      ; 1,286 / 33,216 ( 4 % )                       ;
; Total registers                    ; 1286                                         ;
; Total pins                         ; 20 / 475 ( 4 % )                             ;
; Total virtual pins                 ; 0                                            ;
; Total memory bits                  ; 262,144 / 483,840 ( 54 % )                   ;
; Embedded Multiplier 9-bit elements ; 0 / 70 ( 0 % )                               ;
; Total PLLs                         ; 0 / 4 ( 0 % )                                ;
+------------------------------------+----------------------------------------------+


+-----------------------------------------+
; Flow Settings                           ;
+-------------------+---------------------+
; Option            ; Setting             ;
+-------------------+---------------------+
; Start date & time ; 04/27/2013 04:08:16 ;
; Main task         ; Compilation         ;
; Revision Name     ; skeleton            ;
+-------------------+---------------------+


+-------------------------------------------------------------------------------------------------------------------------------------------------+
; Flow Non-Default Global Settings                                                                                                                ;
+------------------------------------+-------------------------------------------------------------+---------------+-------------+----------------+
; Assignment Name                    ; Value                                                       ; Default Value ; Entity Name ; Section Id     ;
+------------------------------------+-------------------------------------------------------------+---------------+-------------+----------------+
; COMPILER_SIGNATURE_ID              ; 52236901663.136700689503944                                 ; --            ; --          ; --             ;
; IP_TOOL_NAME                       ; ROM: 1-PORT                                                 ; --            ; --          ; --             ;
; IP_TOOL_NAME                       ; RAM: 1-PORT                                                 ; --            ; --          ; --             ;
; IP_TOOL_VERSION                    ; 9.1                                                         ; --            ; --          ; --             ;
; IP_TOOL_VERSION                    ; 9.1                                                         ; --            ; --          ; --             ;
; MAX_CORE_JUNCTION_TEMP             ; 85                                                          ; --            ; --          ; --             ;
; MIN_CORE_JUNCTION_TEMP             ; 0                                                           ; --            ; --          ; --             ;
; MISC_FILE                          ; skeleton.dpf                                                ; --            ; --          ; --             ;
; MISC_FILE                          ; imem_inst.vhd                                               ; --            ; --          ; --             ;
; MISC_FILE                          ; imem.cmp                                                    ; --            ; --          ; --             ;
; MISC_FILE                          ; dmem_inst.vhd                                               ; --            ; --          ; --             ;
; MISC_FILE                          ; dmem.cmp                                                    ; --            ; --          ; --             ;
; MISC_FILE                          ; C:/quartus/quartus/project/hw5/skeleton/skeleton.dpf        ; --            ; --          ; --             ;
; MISC_FILE                          ; C:/quartus/quartus/project/final/final project/skeleton.dpf ; --            ; --          ; --             ;
; PARTITION_COLOR                    ; 16764057                                                    ; --            ; processor   ; Top            ;
; PARTITION_NETLIST_TYPE             ; SOURCE                                                      ; --            ; processor   ; Top            ;
; TOP_LEVEL_ENTITY                   ; processor                                                   ; skeleton      ; --          ; --             ;
; USE_GENERATED_PHYSICAL_CONSTRAINTS ; Off                                                         ; --            ; --          ; eda_blast_fpga ;
+------------------------------------+-------------------------------------------------------------+---------------+-------------+----------------+


+-----------------------------------------------------------------------------------------------------------------------------+
; Flow Elapsed Time                                                                                                           ;
+-------------------------+--------------+-------------------------+---------------------+------------------------------------+
; Module Name             ; Elapsed Time ; Average Processors Used ; Peak Virtual Memory ; Total CPU Time (on all processors) ;
+-------------------------+--------------+-------------------------+---------------------+------------------------------------+
; Analysis & Synthesis    ; 00:00:33     ; 1.0                     ; 264 MB              ; 00:00:32                           ;
; Fitter                  ; 00:00:34     ; 1.0                     ; 272 MB              ; 00:00:32                           ;
; Assembler               ; 00:00:05     ; 1.0                     ; 244 MB              ; 00:00:04                           ;
; Classic Timing Analyzer ; 00:00:06     ; 1.0                     ; 192 MB              ; 00:00:05                           ;
; Total                   ; 00:01:18     ; --                      ; --                  ; 00:01:13                           ;
+-------------------------+--------------+-------------------------+---------------------+------------------------------------+


+------------------------------------------------------------------------------------------+
; Flow OS Summary                                                                          ;
+-------------------------+------------------+---------------+------------+----------------+
; Module Name             ; Machine Hostname ; OS Name       ; OS Version ; Processor type ;
+-------------------------+------------------+---------------+------------+----------------+
; Analysis & Synthesis    ; mac-PC           ; Windows Vista ; 6.1        ; i686           ;
; Fitter                  ; mac-PC           ; Windows Vista ; 6.1        ; i686           ;
; Assembler               ; mac-PC           ; Windows Vista ; 6.1        ; i686           ;
; Classic Timing Analyzer ; mac-PC           ; Windows Vista ; 6.1        ; i686           ;
+-------------------------+------------------+---------------+------------+----------------+


------------
; Flow Log ;
------------
quartus_map --read_settings_files=on --write_settings_files=off skeleton -c skeleton
quartus_fit --read_settings_files=off --write_settings_files=off skeleton -c skeleton
quartus_asm --read_settings_files=off --write_settings_files=off skeleton -c skeleton
quartus_tan --read_settings_files=off --write_settings_files=off skeleton -c skeleton --timing_analysis_only



